<?xml version="1.0" encoding="UTF-8"?>
<testsuite xmlns:xsi="http://www.w3.org/2001/XMLSchema-instance" xsi:noNamespaceSchemaLocation="https://maven.apache.org/surefire/maven-surefire-plugin/xsd/surefire-test-report-3.0.xsd" version="3.0" name="com.restapicrudexample.web.ItemControllerTest" time="0.773" tests="6" errors="0" skipped="0" failures="0">
  <properties>
[...]
</properties>
  <testcase name="testGetItemById" classname="com.restapicrudexample.web.ItemControllerTest" time="0.185">
    <system-out><![CDATA[2025-05-11T22:28:15.109+05:30  INFO 7472 --- [           main] t.c.s.AnnotationConfigContextLoaderUtils : Could not detect default configuration classes for test class [com.restapicrudexample.web.ItemControllerTest]: ItemControllerTest does not declare any static, non-private, non-final, nested classes annotated with @Configuration.
2025-05-11T22:28:15.136+05:30  INFO 7472 --- [           main] .b.t.c.SpringBootTestContextBootstrapper : Found @SpringBootConfiguration com.restapicrudexample.App for test class com.restapicrudexample.web.ItemControllerTest

  .   ____          _            __ _ _
 /\\ / ___'_ __ _ _(_)_ __  __ _ \ \ \ \
( ( )\___ | '_ | '_| | '_ \/ _` | \ \ \ \
 \\/  ___)| |_)| | | | | || (_| |  ) ) ) )
  '  |____| .__|_| |_|_| |_\__, | / / / /
 =========|_|==============|___/=/_/_/_/
 :: Spring Boot ::                (v3.2.4)

2025-05-11T22:28:15.159+05:30  INFO 7472 --- [           main] c.r.web.ItemControllerTest               : Starting ItemControllerTest using Java 17.0.14 with PID 7472 (started by Admin in D:\DevOps BootCamp\rest-api-crud-example)
2025-05-11T22:28:15.159+05:30  INFO 7472 --- [           main] c.r.web.ItemControllerTest               : No active profile set, falling back to 1 default profile: "default"
2025-05-11T22:28:15.551+05:30  INFO 7472 --- [           main] o.s.b.t.m.w.SpringBootMockServletContext : Initializing Spring TestDispatcherServlet ''
2025-05-11T22:28:15.551+05:30  INFO 7472 --- [           main] o.s.t.web.servlet.TestDispatcherServlet  : Initializing Servlet ''
2025-05-11T22:28:15.551+05:30  INFO 7472 --- [           main] o.s.t.web.servlet.TestDispatcherServlet  : Completed initialization in 0 ms
2025-05-11T22:28:15.566+05:30  INFO 7472 --- [           main] c.r.web.ItemControllerTest               : Started ItemControllerTest in 0.43 seconds (process running for 4.818)
]]></system-out>
  </testcase>
  <testcase name="testGetAllItems" classname="com.restapicrudexample.web.ItemControllerTest" time="0.005"/>
  <testcase name="testUpdateOrCreateItem" classname="com.restapicrudexample.web.ItemControllerTest" time="0.047"/>
  <testcase name="testDeleteItem" classname="com.restapicrudexample.web.ItemControllerTest" time="0.005"/>
  <testcase name="testGetItemById_NotFound" classname="com.restapicrudexample.web.ItemControllerTest" time="0.03"/>
  <testcase name="testCreateNewItem" classname="com.restapicrudexample.web.ItemControllerTest" time="0.026"/>
</testsuite>